c:\users\frien\source\repos\tcc\tcc\debug\vc142.pdb
c:\users\frien\source\repos\tcc\tcc\debug\vc142.idb
c:\users\frien\source\repos\tcc\tcc\debug\utils.obj
c:\users\frien\source\repos\tcc\tcc\debug\structuralmethods.obj
c:\users\frien\source\repos\tcc\tcc\debug\route.obj
c:\users\frien\source\repos\tcc\tcc\debug\perturbationmethods.obj
c:\users\frien\source\repos\tcc\tcc\debug\main.obj
c:\users\frien\source\repos\tcc\tcc\debug\intraroutestructures.obj
c:\users\frien\source\repos\tcc\tcc\debug\interroutestructures.obj
c:\users\frien\source\repos\tcc\tcc\debug\auxiliarystructures.obj
c:\users\frien\source\repos\tcc\tcc\debug\heterogeneoustransports.obj
c:\users\frien\source\repos\tcc\debug\tcc.exe
c:\users\frien\source\repos\tcc\debug\tcc.ilk
c:\users\frien\source\repos\tcc\debug\tcc.pdb
c:\users\frien\source\repos\tcc\tcc\debug\tcc.tlog\cl.command.1.tlog
c:\users\frien\source\repos\tcc\tcc\debug\tcc.tlog\cl.read.1.tlog
c:\users\frien\source\repos\tcc\tcc\debug\tcc.tlog\cl.write.1.tlog
c:\users\frien\source\repos\tcc\tcc\debug\tcc.tlog\link.command.1.tlog
c:\users\frien\source\repos\tcc\tcc\debug\tcc.tlog\link.read.1.tlog
c:\users\frien\source\repos\tcc\tcc\debug\tcc.tlog\link.write.1.tlog
