f:\tcc\tcc\tcc\x64\debug\vc142.pdb
f:\tcc\tcc\tcc\x64\debug\vc142.idb
f:\tcc\tcc\tcc\x64\debug\utils.obj
f:\tcc\tcc\tcc\x64\debug\structuralmethods.obj
f:\tcc\tcc\tcc\x64\debug\route.obj
f:\tcc\tcc\tcc\x64\debug\perturbationmethods.obj
f:\tcc\tcc\tcc\x64\debug\main.obj
f:\tcc\tcc\tcc\x64\debug\intraroutestructures.obj
f:\tcc\tcc\tcc\x64\debug\interroutestructures.obj
f:\tcc\tcc\tcc\x64\debug\heterogeneoustransports.obj
f:\tcc\tcc\tcc\x64\debug\fraction.obj
f:\tcc\tcc\tcc\x64\debug\auxiliarystructures.obj
f:\tcc\tcc\x64\debug\tcc.exe
f:\tcc\tcc\tcc\x64\debug\tcc.ilk
f:\tcc\tcc\x64\debug\tcc.pdb
f:\tcc\tcc\tcc\x64\debug\heterogeneoustransports.obj.enc
f:\tcc\tcc\tcc\x64\debug\intraroutestructures.obj.enc
f:\tcc\tcc\tcc\x64\debug\tcc.tlog\cl.command.1.tlog
f:\tcc\tcc\tcc\x64\debug\tcc.tlog\cl.read.1.tlog
f:\tcc\tcc\tcc\x64\debug\tcc.tlog\cl.write.1.tlog
f:\tcc\tcc\tcc\x64\debug\tcc.tlog\link.command.1.tlog
f:\tcc\tcc\tcc\x64\debug\tcc.tlog\link.read.1.tlog
f:\tcc\tcc\tcc\x64\debug\tcc.tlog\link.write.1.tlog
