f:\tcc\tcc\tcc\release\vc142.pdb
f:\tcc\tcc\tcc\release\utils.obj
f:\tcc\tcc\tcc\release\structuralmethods.obj
f:\tcc\tcc\tcc\release\route.obj
f:\tcc\tcc\tcc\release\perturbationmethods.obj
f:\tcc\tcc\tcc\release\main.obj
f:\tcc\tcc\tcc\release\intraroutestructures.obj
f:\tcc\tcc\tcc\release\interroutestructures.obj
f:\tcc\tcc\tcc\release\heterogeneoustransports.obj
f:\tcc\tcc\tcc\release\fraction.obj
f:\tcc\tcc\tcc\release\auxiliarystructures.obj
f:\tcc\tcc\release\tcc.exe
f:\tcc\tcc\tcc\release\tcc.ipdb
f:\tcc\tcc\tcc\release\tcc.iobj
f:\tcc\tcc\release\tcc.pdb
f:\tcc\tcc\tcc\release\tcc.tlog\cl.command.1.tlog
f:\tcc\tcc\tcc\release\tcc.tlog\cl.read.1.tlog
f:\tcc\tcc\tcc\release\tcc.tlog\cl.write.1.tlog
f:\tcc\tcc\tcc\release\tcc.tlog\link.command.1.tlog
f:\tcc\tcc\tcc\release\tcc.tlog\link.read.1.tlog
f:\tcc\tcc\tcc\release\tcc.tlog\link.write.1.tlog
